lSUIKit/build/intermediates/manifest_merge_blame_file/release/manifest-merger-blame-release-report.txt
1<?xml version="1.0" encoding="utf-8"?>
2<manifest xmlns:android="http://schemas.android.com/apk/res/android"
3    package="com.lessu.uikit"
4    android:versionCode="1"
5    android:versionName="1.0" >
6
7    <uses-sdk
8        android:minSdkVersion="9"
8-->src\main\AndroidManifest.xml
9        android:targetSdkVersion="19" />
9-->src\main\AndroidManifest.xml
10
11    <uses-permission android:name="android.permission.WRITE_EXTERNAL_STORAGE" />
11-->src\main\AndroidManifest.xml:7:5-81
11-->src\main\AndroidManifest.xml:7:22-78
12    <uses-permission android:name="android.permission.GET_TASKS" />
12-->src\main\AndroidManifest.xml:8:5-68
12-->src\main\AndroidManifest.xml:8:22-65
13
14    <!--
15     <uses-sdk
16        android:minSdkVersion="9"
17        android:targetSdkVersion="19"
18        />
19    -->
20    <application>
20-->src\main\AndroidManifest.xml:14:5-17:19
21        <uses-library
21-->src\main\AndroidManifest.xml:15:9-87
22            android:name="org.apache.http.legacy"
22-->src\main\AndroidManifest.xml:15:23-60
23            android:required="false" />
23-->src\main\AndroidManifest.xml:15:61-85
24
25        <activity android:name="com.lessu.activity.WebViewActivity" />
25-->src\main\AndroidManifest.xml:16:9-80
25-->src\main\AndroidManifest.xml:16:19-68
26    </application>
27
28</manifest>